<?xml version="1.0" encoding="UTF-8"?>
<testng-results skipped="0" failed="0" ignored="0" total="1" passed="1">
  <reporter-output>
  </reporter-output>
  <suite name="Default suite" duration-ms="9815" started-at="2022-01-26T21:57:15Z" finished-at="2022-01-26T21:57:25Z">
    <groups>
    </groups>
    <test name="Default test" duration-ms="9815" started-at="2022-01-26T21:57:15Z" finished-at="2022-01-26T21:57:25Z">
      <class name="com.qa.Ebay.products.ProductSearchTest">
        <test-method status="PASS" signature="setUp()[pri:0, instance:com.qa.Ebay.products.ProductSearchTest@12e61fe6]" name="setUp" is-config="true" duration-ms="6388" started-at="2022-01-26T21:57:15Z" finished-at="2022-01-26T21:57:22Z">
          <reporter-output>
          </reporter-output>
        </test-method> <!-- setUp -->
        <test-method status="PASS" signature="productSearchTest()[pri:0, instance:com.qa.Ebay.products.ProductSearchTest@12e61fe6]" name="productSearchTest" duration-ms="2741" started-at="2022-01-26T21:57:22Z" finished-at="2022-01-26T21:57:24Z">
          <reporter-output>
          </reporter-output>
        </test-method> <!-- productSearchTest -->
        <test-method status="PASS" signature="tearUp()[pri:0, instance:com.qa.Ebay.products.ProductSearchTest@12e61fe6]" name="tearUp" is-config="true" duration-ms="655" started-at="2022-01-26T21:57:24Z" finished-at="2022-01-26T21:57:25Z">
          <reporter-output>
          </reporter-output>
        </test-method> <!-- tearUp -->
      </class> <!-- com.qa.Ebay.products.ProductSearchTest -->
    </test> <!-- Default test -->
  </suite> <!-- Default suite -->
</testng-results>
