<?xml version="1.0" encoding="UTF-8"?>
<testng-results skipped="0" failed="0" ignored="0" total="1" passed="1">
  <reporter-output>
  </reporter-output>
  <suite name="Default suite" duration-ms="13151" started-at="2022-02-01T00:13:25Z" finished-at="2022-02-01T00:13:38Z">
    <groups>
    </groups>
    <test name="Default test" duration-ms="13151" started-at="2022-02-01T00:13:25Z" finished-at="2022-02-01T00:13:38Z">
      <class name="com.qa.Ebay.products.ProductSearchTest">
        <test-method status="PASS" signature="setUp()[pri:0, instance:com.qa.Ebay.products.ProductSearchTest@161479c6]" name="setUp" is-config="true" duration-ms="5815" started-at="2022-02-01T00:13:25Z" finished-at="2022-02-01T00:13:31Z">
          <reporter-output>
          </reporter-output>
        </test-method> <!-- setUp -->
        <test-method status="PASS" signature="productSearchTest()[pri:0, instance:com.qa.Ebay.products.ProductSearchTest@161479c6]" name="productSearchTest" duration-ms="6609" started-at="2022-02-01T00:13:31Z" finished-at="2022-02-01T00:13:37Z">
          <reporter-output>
          </reporter-output>
        </test-method> <!-- productSearchTest -->
        <test-method status="PASS" signature="tearUp()[pri:0, instance:com.qa.Ebay.products.ProductSearchTest@161479c6]" name="tearUp" is-config="true" duration-ms="704" started-at="2022-02-01T00:13:37Z" finished-at="2022-02-01T00:13:38Z">
          <reporter-output>
          </reporter-output>
        </test-method> <!-- tearUp -->
      </class> <!-- com.qa.Ebay.products.ProductSearchTest -->
    </test> <!-- Default test -->
  </suite> <!-- Default suite -->
</testng-results>
